Arguments: 
  C:\Program Files\nodejs\node.exe C:\Program Files (x86)\Yarn\bin\yarn.js start

PATH: 
  C:\Program Files (x86)\Common Files\Intel\Shared Libraries\redist\ia32\compiler;C:\Program Files (x86)\Common Files\Intel\Shared Libraries\redist\intel64\compiler;C:\Program Files\Docker\Docker\Resources\bin;C:\ProgramData\Oracle\Java\javapath;C:\WINDOWS\system32;C:\WINDOWS;C:\WINDOWS\System32\Wbem;C:\WINDOWS\System32\WindowsPowerShell\v1.0\;C:\ProgramData\chocolatey\bin;C:\Program Files (x86)\NVIDIA Corporation\PhysX\Common;C:\Program Files (x86)\Common Files\Adobe\AGL;C:\xampp\php;C:\Program Files\TortoiseHg\;C:\Program Files\Java\jdk1.8.0_102\bin;C:\WINDOWS\system32;C:\WINDOWS;C:\WINDOWS\System32\Wbem;C:\WINDOWS\System32\WindowsPowerShell\v1.0\;C:\Program Files\TortoiseGit\bin;C:\Program Files (x86)\Yarn\bin\;C:\Program Files\nodejs\;C:\WINDOWS\System32\OpenSSH\;C:\Program Files (x86)\Microsoft VS Code\bin;C:\Program Files\Git\cmd;C:\Ruby22\bin;C:\Program Files (x86)\Microsoft VS Code\bin;C:\apps\nginx-1.11.3;C:\apps\lein;C:\Users\Henrik Collin\AppData\Local\Microsoft\WindowsApps;C:\Users\Henrik Collin\AppData\Local\atom\bin;C:\Python27;c:\tools;C:\Users\Henrik Collin\AppData\Local\.meteor\;C:\Users\Henrik Collin\AppData\Local\Yarn\bin;C:\Users\Henrik Collin\AppData\Roaming\npm;

Yarn version: 
  1.5.1

Node version: 
  9.8.0

Platform: 
  win32 x64

npm manifest: 
  {
    "name": "combatsim",
    "version": "1.0.0",
    "main": "simulator.js",
    "author": "Henrik Collin <hcollin78@gmail.com>",
    "license": "MIT",
    "dependencies": {
      "immer": "^1.9.2"
    }
  }

yarn manifest: 
  No manifest

Lockfile: 
  # THIS IS AN AUTOGENERATED FILE. DO NOT EDIT THIS FILE DIRECTLY.
  # yarn lockfile v1
  
  
  immer@^1.9.2:
    version "1.9.2"
    resolved "https://registry.yarnpkg.com/immer/-/immer-1.9.2.tgz#2b26f53be03baf00622005bccbc37c063d619408"

Trace: 
  Error: Command "start" not found.
      at new MessageError (C:\Program Files (x86)\Yarn\lib\cli.js:186:110)
      at C:\Program Files (x86)\Yarn\lib\cli.js:87307:17
      at Generator.next (<anonymous>)
      at step (C:\Program Files (x86)\Yarn\lib\cli.js:98:30)
      at C:\Program Files (x86)\Yarn\lib\cli.js:116:14
      at new Promise (<anonymous>)
      at new F (C:\Program Files (x86)\Yarn\lib\cli.js:23451:28)
      at C:\Program Files (x86)\Yarn\lib\cli.js:95:12
      at runCommand (C:\Program Files (x86)\Yarn\lib\cli.js:87312:22)
      at Object.<anonymous> (C:\Program Files (x86)\Yarn\lib\cli.js:87412:14)
